<?xml version="1.0" encoding="UTF-8"?>
<!-- Generated by org.testng.reporters.JUnitReportReporter -->
<testsuite hostname="RemyaNidheesh" failures="0" tests="1" name="test.NoteTest" time="10.152" errors="0" timestamp="2024-01-16T20:32:14 IST" skipped="0">
  <testcase classname="test.NoteTest" name="verifyDelete" time="10.152"/>
  <system-out/>
</testsuite> <!-- test.NoteTest -->
