<?xml version="1.0" encoding="UTF-8"?>
<!-- Generated by org.testng.reporters.JUnitReportReporter -->
<testsuite hostname="RemyaNidheesh" failures="0" tests="1" name="test.LoginTest" time="10.482" errors="0" timestamp="2024-01-22T16:07:02 IST" skipped="0">
  <testcase classname="test.LoginTest" name="verify" time="10.482"/>
  <system-out/>
</testsuite> <!-- test.LoginTest -->
