<?xml version="1.0" encoding="UTF-8"?>
<!-- Generated by org.testng.reporters.JUnitReportReporter -->
<testsuite hostname="RemyaNidheesh" failures="0" tests="1" name="test.ProjectTest" time="7.935" errors="0" timestamp="2024-01-19T21:10:43 IST" skipped="0">
  <testcase classname="test.ProjectTest" name="verifyEdit" time="7.935"/>
  <system-out/>
</testsuite> <!-- test.ProjectTest -->
